<?xml version="1.0" encoding="UTF-8"?>
<testsuite name="com.bridgelabz.EmployeePayrollServiceTest" tests="4" skipped="0" failures="0" errors="0" timestamp="2022-05-25T03:02:02" hostname="hp-440-G5" time="0.035">
  <properties/>
  <testcase name="checkFileDeletedOrNot()" classname="com.bridgelabz.EmployeePayrollServiceTest" time="0.023"/>
  <testcase name="displayFilesFromDirectory()" classname="com.bridgelabz.EmployeePayrollServiceTest" time="0.003"/>
  <testcase name="checkFileCreatedOrNot()" classname="com.bridgelabz.EmployeePayrollServiceTest" time="0.002"/>
  <testcase name="checkFileIsExistOrNot()" classname="com.bridgelabz.EmployeePayrollServiceTest" time="0.003"/>
  <system-out><![CDATA[EmployeePayroll.txt Deleted !

File Names With Directories

/home/hp/IdeaProjects/EmployeePayrollService/src/test
/home/hp/IdeaProjects/EmployeePayrollService/src/main

File Name With extension and Folder Names Available In Directory

test
main
File Created EmployeePayroll.txt
File already Exist
EmployeePayroll.txt Deleted !
File Created EmployeePayroll.txt
]]></system-out>
  <system-err><![CDATA[]]></system-err>
</testsuite>
